<?xml version="1.0" encoding="UTF-8"?>
<!-- Generated by org.testng.reporters.JUnitReportReporter -->
<testsuite hostname="DESKTOP-SO34K2I" failures="0" tests="8" name="HomePage.myTestCases" time="4.004" errors="0" timestamp="2024-08-16T18:28:41 EET" skipped="7">
  <testcase classname="HomePage.myTestCases" name="SearchRandomLocationDependingOnLangauge" time="4.004"/>
  <system-out/>
  <testcase classname="HomePage.myTestCases" name="CheckQitagLogo">
    <skipped/>
  </testcase> <!-- CheckQitagLogo -->
  <system-out/>
  <testcase classname="HomePage.myTestCases" name="RandomlyChangeTheLanguage">
    <skipped/>
  </testcase> <!-- RandomlyChangeTheLanguage -->
  <system-out/>
  <testcase classname="HomePage.myTestCases" name="CheckdefaultCurrency">
    <skipped/>
  </testcase> <!-- CheckdefaultCurrency -->
  <system-out/>
  <testcase classname="HomePage.myTestCases" name="CheckDepatureDate">
    <skipped/>
  </testcase> <!-- CheckDepatureDate -->
  <system-out/>
  <testcase classname="HomePage.myTestCases" name="TestHotelTabIsNotSelected">
    <skipped/>
  </testcase> <!-- TestHotelTabIsNotSelected -->
  <system-out/>
  <testcase classname="HomePage.myTestCases" name="CheckTheDefaultLangugeIsEnglish">
    <skipped/>
  </testcase> <!-- CheckTheDefaultLangugeIsEnglish -->
  <system-out/>
  <testcase classname="HomePage.myTestCases" name="CheckContactNumber">
    <skipped/>
  </testcase> <!-- CheckContactNumber -->
  <system-out/>
</testsuite> <!-- HomePage.myTestCases -->
