<?xml version="1.0" encoding="UTF-8"?>
<!-- Generated by org.testng.reporters.JUnitReportReporter -->
<testsuite hostname="DESKTOP-SO34K2I" failures="0" tests="7" name="HomePage.myTestCases" time="0.960" errors="0" timestamp="2024-08-16T16:27:54 EET" skipped="0">
  <testcase classname="HomePage.myTestCases" name="CheckTheDefaultLangugeIsEnglish" time="0.037"/>
  <system-out/>
  <testcase classname="HomePage.myTestCases" name="CheckdefaultCurrency" time="0.035"/>
  <system-out/>
  <testcase classname="HomePage.myTestCases" name="CheckContactNumber" time="0.029"/>
  <system-out/>
  <testcase classname="HomePage.myTestCases" name="CheckQitagLogo" time="0.064"/>
  <system-out/>
  <testcase classname="HomePage.myTestCases" name="TestHotelTabIsNotSelected" time="0.030"/>
  <system-out/>
  <testcase classname="HomePage.myTestCases" name="CheckDepatureDate" time="0.065"/>
  <system-out/>
  <testcase classname="HomePage.myTestCases" name="RandomlyChangeTheLanguage" time="0.700"/>
  <system-out/>
</testsuite> <!-- HomePage.myTestCases -->
