<?xml version="1.0" encoding="UTF-8"?>
<!-- Generated by org.testng.reporters.JUnitReportReporter -->
<testsuite hostname="DESKTOP-SO34K2I" failures="0" tests="4" name="HomePage.myTestCases" time="0.134" errors="0" timestamp="2024-08-14T23:56:39 EET" skipped="0">
  <testcase classname="HomePage.myTestCases" name="CheckTheDefaultLangugeIsEnglish" time="0.031"/>
  <system-out/>
  <testcase classname="HomePage.myTestCases" name="CheckdefaultCurrency" time="0.029"/>
  <system-out/>
  <testcase classname="HomePage.myTestCases" name="CheckContactNumber" time="0.021"/>
  <system-out/>
  <testcase classname="HomePage.myTestCases" name="CheckQitagLogo" time="0.053"/>
  <system-out/>
</testsuite> <!-- HomePage.myTestCases -->
