<?xml version="1.0" encoding="UTF-8"?>
<!-- Generated by org.testng.reporters.JUnitReportReporter -->
<testsuite hostname="DESKTOP-SO34K2I" failures="0" tests="9" name="HomePage.myTestCases" time="4.149" errors="0" timestamp="2024-08-19T16:31:57 EET" skipped="6">
  <testcase classname="HomePage.myTestCases" name="RandomlyChangeTheLanguage" time="0.565"/>
  <system-out/>
  <testcase classname="HomePage.myTestCases" name="FillHotelTab" time="0.377"/>
  <system-out/>
  <testcase classname="HomePage.myTestCases" name="RandomlySelectTheNumberOfVistor" time="3.207"/>
  <system-out/>
  <testcase classname="HomePage.myTestCases" name="CheckQitagLogo">
    <skipped/>
  </testcase> <!-- CheckQitagLogo -->
  <system-out/>
  <testcase classname="HomePage.myTestCases" name="CheckdefaultCurrency">
    <skipped/>
  </testcase> <!-- CheckdefaultCurrency -->
  <system-out/>
  <testcase classname="HomePage.myTestCases" name="CheckDepatureDate">
    <skipped/>
  </testcase> <!-- CheckDepatureDate -->
  <system-out/>
  <testcase classname="HomePage.myTestCases" name="TestHotelTabIsNotSelected">
    <skipped/>
  </testcase> <!-- TestHotelTabIsNotSelected -->
  <system-out/>
  <testcase classname="HomePage.myTestCases" name="CheckTheDefaultLangugeIsEnglish">
    <skipped/>
  </testcase> <!-- CheckTheDefaultLangugeIsEnglish -->
  <system-out/>
  <testcase classname="HomePage.myTestCases" name="CheckContactNumber">
    <skipped/>
  </testcase> <!-- CheckContactNumber -->
  <system-out/>
</testsuite> <!-- HomePage.myTestCases -->
